<?xml version="1.0" encoding="UTF-8"?>
<testng-results ignored="0" total="2" passed="2" failed="0" skipped="0">
  <reporter-output>
  </reporter-output>
  <suite started-at="2022-08-22T16:49:32 IST" name="Default suite" finished-at="2022-08-22T16:49:37 IST" duration-ms="4471">
    <groups>
    </groups>
    <test started-at="2022-08-22T16:49:32 IST" name="Default test" finished-at="2022-08-22T16:49:37 IST" duration-ms="4471">
      <class name="files.DynamicJson">
        <test-method signature="addBook(java.lang.String,java.lang.String)[pri:0, instance:files.DynamicJson@bd4dc25]" started-at="2022-08-22T16:49:33 IST" name="addBook" data-provider="BooksData" finished-at="2022-08-22T16:49:37 IST" duration-ms="4173" status="PASS">
          <params>
            <param index="0">
              <value>
                <![CDATA[assd]]>
              </value>
            </param>
            <param index="1">
              <value>
                <![CDATA[1234]]>
              </value>
            </param>
          </params>
          <reporter-output>
          </reporter-output>
        </test-method> <!-- addBook -->
        <test-method signature="addBook(java.lang.String,java.lang.String)[pri:0, instance:files.DynamicJson@bd4dc25]" started-at="2022-08-22T16:49:37 IST" name="addBook" data-provider="BooksData" finished-at="2022-08-22T16:49:37 IST" duration-ms="184" status="PASS">
          <params>
            <param index="0">
              <value>
                <![CDATA[afra]]>
              </value>
            </param>
            <param index="1">
              <value>
                <![CDATA[11223]]>
              </value>
            </param>
          </params>
          <reporter-output>
          </reporter-output>
        </test-method> <!-- addBook -->
      </class> <!-- files.DynamicJson -->
    </test> <!-- Default test -->
  </suite> <!-- Default suite -->
</testng-results>
